<?xml version="1.0" encoding="UTF-8"?>
<!-- Generated by org.testng.reporters.JUnitReportReporter -->
<testsuite skipped="0" hostname="aman-PC" name="testScript.TestCaseLogin_001_DataProvider" tests="4" failures="0" timestamp="15 Aug 2017 07:59:38 GMT" time="0.002" errors="0">
  <testcase name="FirstTest1" time="0.001" classname="testScript.TestCaseLogin_001_DataProvider"/>
  <testcase name="FirstTest1" time="0.000" classname="testScript.TestCaseLogin_001_DataProvider"/>
  <testcase name="FirstTest2" time="0.001" classname="testScript.TestCaseLogin_001_DataProvider"/>
  <testcase name="FirstTest2" time="0.000" classname="testScript.TestCaseLogin_001_DataProvider"/>
</testsuite> <!-- testScript.TestCaseLogin_001_DataProvider -->
