<?xml version="1.0" encoding="UTF-8"?>
<!-- Generated by org.testng.reporters.JUnitReportReporter -->
<testsuite skipped="0" hostname="aman-PC" name="testScript.Tc_0001Login" tests="6" failures="0" timestamp="15 Aug 2017 07:59:38 GMT" time="0.024" errors="0">
  <testcase name="FirstTest2" time="0.001" classname="testScript.Tc_0001Login"/>
  <testcase name="FirstTest" time="0.021" classname="testScript.Tc_0001Login"/>
  <testcase name="FirstTest2" time="0.000" classname="testScript.Tc_0001Login"/>
  <testcase name="FirstTest" time="0.001" classname="testScript.Tc_0001Login"/>
  <testcase name="FirstTest1" time="0.001" classname="testScript.Tc_0001Login"/>
  <testcase name="FirstTest1" time="0.000" classname="testScript.Tc_0001Login"/>
</testsuite> <!-- testScript.Tc_0001Login -->
